# JRE version: OpenJDK Runtime Environment Temurin-21.0.10+7 (21.0.10+7) (build 21.0.10+7-LTS)
# Java VM: OpenJDK 64-Bit Server VM Temurin-21.0.10+7 (21.0.10+7-LTS, mixed mode, sharing, tiered, compressed oops, compressed class ptrs, parallel gc, windows-amd64)
GC Precious Log:
 CardTable entry size: 512
 CPUs: 4 total, 4 available
 Memory: 8073M
 Large Page Support: Disabled
 NUMA Support: Disabled
 Compressed Oops: Enabled (32-bit)
 Alignments: Space 512K, Generation 512K, Heap 2M
 Heap Min Capacity: 100M
 Heap Initial Capacity: 100M
 Heap Max Capacity: 2G
 Pre-touch: Disabled
 Parallel Workers: 4
Heap:
 PSYoungGen      total 6144K, used 5657K [0x00000000d5580000, 0x00000000d5e00000, 0x0000000100000000)
  eden space 4608K, 97% used [0x00000000d5580000,0x00000000d59e64d0,0x00000000d5a00000)
  from space 1536K, 75% used [0x00000000d5c80000,0x00000000d5da0080,0x00000000d5e00000)
  to   space 1536K, 99% used [0x00000000d5b00000,0x00000000d5c7cd68,0x00000000d5c80000)
 ParOldGen       total 903680K, used 903610K [0x0000000080000000, 0x00000000b7280000, 0x00000000d5580000)
  object space 903680K, 99% used [0x0000000080000000,0x00000000b726eae8,0x00000000b7280000)
 Metaspace       used 79512K, committed 81280K, reserved 1179648K
  class space    used 8190K, committed 8960K, reserved 1048576K
GC Heap History (20 events):
Event: 555.917 GC heap after
{Heap after GC invocations=1924 (full 4):
 PSYoungGen      total 5120K, used 224K [0x00000000d5580000, 0x00000000d5d80000, 0x0000000100000000)
  eden space 4608K, 0% used [0x00000000d5580000,0x00000000d5580000,0x00000000d5a00000)
  from space 512K, 43% used [0x00000000d5d00000,0x00000000d5d38020,0x00000000d5d80000)
  to   space 512K, 0% used [0x00000000d5c80000,0x00000000d5c80000,0x00000000d5d00000)
 ParOldGen       total 893952K, used 893822K [0x0000000080000000, 0x00000000b6900000, 0x00000000d5580000)
  object space 893952K, 99% used [0x0000000080000000,0x00000000b68df898,0x00000000b6900000)
 Metaspace       used 78623K, committed 80320K, reserved 1179648K
  class space    used 8066K, committed 8832K, reserved 1048576K
}
Event: 556.088 GC heap before
{Heap before GC invocations=1925 (full 4):
 PSYoungGen      total 5120K, used 4520K [0x00000000d5580000, 0x00000000d5d80000, 0x0000000100000000)
  eden space 4608K, 93% used [0x00000000d5580000,0x00000000d59b20b8,0x00000000d5a00000)
  from space 512K, 43% used [0x00000000d5d00000,0x00000000d5d38020,0x00000000d5d80000)
  to   space 512K, 0% used [0x00000000d5c80000,0x00000000d5c80000,0x00000000d5d00000)
 ParOldGen       total 893952K, used 893822K [0x0000000080000000, 0x00000000b6900000, 0x00000000d5580000)
  object space 893952K, 99% used [0x0000000080000000,0x00000000b68df898,0x00000000b6900000)
 Metaspace       used 78623K, committed 80320K, reserved 1179648K
  class space    used 8066K, committed 8832K, reserved 1048576K
}
Event: 556.094 GC heap after
{Heap after GC invocations=1925 (full 4):
 PSYoungGen      total 5120K, used 96K [0x00000000d5580000, 0x00000000d5d80000, 0x0000000100000000)
  eden space 4608K, 0% used [0x00000000d5580000,0x00000000d5580000,0x00000000d5a00000)
  from space 512K, 18% used [0x00000000d5c80000,0x00000000d5c98000,0x00000000d5d00000)
  to   space 512K, 0% used [0x00000000d5d00000,0x00000000d5d00000,0x00000000d5d80000)
 ParOldGen       total 894464K, used 894038K [0x0000000080000000, 0x00000000b6980000, 0x00000000d5580000)
  object space 894464K, 99% used [0x0000000080000000,0x00000000b69158b8,0x00000000b6980000)
 Metaspace       used 78623K, committed 80320K, reserved 1179648K
  class space    used 8066K, committed 8832K, reserved 1048576K
}
Event: 557.241 GC heap before
{Heap before GC invocations=1926 (full 4):
 PSYoungGen      total 5120K, used 4703K [0x00000000d5580000, 0x00000000d5d80000, 0x0000000100000000)
  eden space 4608K, 99% used [0x00000000d5580000,0x00000000d59ffff0,0x00000000d5a00000)
  from space 512K, 18% used [0x00000000d5c80000,0x00000000d5c98000,0x00000000d5d00000)
  to   space 512K, 0% used [0x00000000d5d00000,0x00000000d5d00000,0x00000000d5d80000)
 ParOldGen       total 894464K, used 894038K [0x0000000080000000, 0x00000000b6980000, 0x00000000d5580000)
  object space 894464K, 99% used [0x0000000080000000,0x00000000b69158b8,0x00000000b6980000)
 Metaspace       used 78631K, committed 80320K, reserved 1179648K
  class space    used 8066K, committed 8832K, reserved 1048576K
}
Event: 557.246 GC heap after
{Heap after GC invocations=1926 (full 4):
 PSYoungGen      total 5120K, used 160K [0x00000000d5580000, 0x00000000d5d80000, 0x0000000100000000)
  eden space 4608K, 0% used [0x00000000d5580000,0x00000000d5580000,0x00000000d5a00000)
  from space 512K, 31% used [0x00000000d5d00000,0x00000000d5d28000,0x00000000d5d80000)
  to   space 512K, 0% used [0x00000000d5c80000,0x00000000d5c80000,0x00000000d5d00000)
 ParOldGen       total 894464K, used 894078K [0x0000000080000000, 0x00000000b6980000, 0x00000000d5580000)
  object space 894464K, 99% used [0x0000000080000000,0x00000000b691f8b8,0x00000000b6980000)
 Metaspace       used 78631K, committed 80320K, reserved 1179648K
  class space    used 8066K, committed 8832K, reserved 1048576K
}
Event: 558.224 GC heap before
{Heap before GC invocations=1927 (full 4):
 PSYoungGen      total 5120K, used 4768K [0x00000000d5580000, 0x00000000d5d80000, 0x0000000100000000)
  eden space 4608K, 100% used [0x00000000d5580000,0x00000000d5a00000,0x00000000d5a00000)
  from space 512K, 31% used [0x00000000d5d00000,0x00000000d5d28000,0x00000000d5d80000)
  to   space 512K, 0% used [0x00000000d5c80000,0x00000000d5c80000,0x00000000d5d00000)
 ParOldGen       total 894464K, used 894078K [0x0000000080000000, 0x00000000b6980000, 0x00000000d5580000)
  object space 894464K, 99% used [0x0000000080000000,0x00000000b691f8b8,0x00000000b6980000)
 Metaspace       used 79081K, committed 80768K, reserved 1179648K
  class space    used 8131K, committed 8896K, reserved 1048576K
}
Event: 558.229 GC heap after
{Heap after GC invocations=1927 (full 4):
 PSYoungGen      total 5120K, used 343K [0x00000000d5580000, 0x00000000d5d80000, 0x0000000100000000)
  eden space 4608K, 0% used [0x00000000d5580000,0x00000000d5580000,0x00000000d5a00000)
  from space 512K, 67% used [0x00000000d5c80000,0x00000000d5cd5e40,0x00000000d5d00000)
  to   space 512K, 0% used [0x00000000d5d00000,0x00000000d5d00000,0x00000000d5d80000)
 ParOldGen       total 894464K, used 894158K [0x0000000080000000, 0x00000000b6980000, 0x00000000d5580000)
  object space 894464K, 99% used [0x0000000080000000,0x00000000b69338b8,0x00000000b6980000)
 Metaspace       used 79081K, committed 80768K, reserved 1179648K
  class space    used 8131K, committed 8896K, reserved 1048576K
}
Event: 558.595 GC heap before
{Heap before GC invocations=1928 (full 4):
 PSYoungGen      total 5120K, used 4951K [0x00000000d5580000, 0x00000000d5d80000, 0x0000000100000000)
  eden space 4608K, 100% used [0x00000000d5580000,0x00000000d5a00000,0x00000000d5a00000)
  from space 512K, 67% used [0x00000000d5c80000,0x00000000d5cd5e40,0x00000000d5d00000)
  to   space 512K, 0% used [0x00000000d5d00000,0x00000000d5d00000,0x00000000d5d80000)
 ParOldGen       total 894464K, used 894158K [0x0000000080000000, 0x00000000b6980000, 0x00000000d5580000)
  object space 894464K, 99% used [0x0000000080000000,0x00000000b69338b8,0x00000000b6980000)
 Metaspace       used 79367K, committed 81024K, reserved 1179648K
  class space    used 8159K, committed 8896K, reserved 1048576K
}
Event: 558.605 GC heap after
{Heap after GC invocations=1928 (full 4):
 PSYoungGen      total 5120K, used 366K [0x00000000d5580000, 0x00000000d5d80000, 0x0000000100000000)
  eden space 4608K, 0% used [0x00000000d5580000,0x00000000d5580000,0x00000000d5a00000)
  from space 512K, 71% used [0x00000000d5d00000,0x00000000d5d5bb00,0x00000000d5d80000)
  to   space 512K, 0% used [0x00000000d5c80000,0x00000000d5c80000,0x00000000d5d00000)
 ParOldGen       total 894464K, used 894398K [0x0000000080000000, 0x00000000b6980000, 0x00000000d5580000)
  object space 894464K, 99% used [0x0000000080000000,0x00000000b696fa88,0x00000000b6980000)
 Metaspace       used 79367K, committed 81024K, reserved 1179648K
  class space    used 8159K, committed 8896K, reserved 1048576K
}
Event: 558.728 GC heap before
{Heap before GC invocations=1929 (full 4):
 PSYoungGen      total 5120K, used 4882K [0x00000000d5580000, 0x00000000d5d80000, 0x0000000100000000)
  eden space 4608K, 97% used [0x00000000d5580000,0x00000000d59e8ef8,0x00000000d5a00000)
  from space 512K, 71% used [0x00000000d5d00000,0x00000000d5d5bb00,0x00000000d5d80000)
  to   space 512K, 0% used [0x00000000d5c80000,0x00000000d5c80000,0x00000000d5d00000)
 ParOldGen       total 894464K, used 894398K [0x0000000080000000, 0x00000000b6980000, 0x00000000d5580000)
  object space 894464K, 99% used [0x0000000080000000,0x00000000b696fa88,0x00000000b6980000)
 Metaspace       used 79374K, committed 81024K, reserved 1179648K
  class space    used 8159K, committed 8896K, reserved 1048576K
}
Event: 558.735 GC heap after
{Heap after GC invocations=1929 (full 4):
 PSYoungGen      total 5120K, used 508K [0x00000000d5580000, 0x00000000d6100000, 0x0000000100000000)
  eden space 4608K, 0% used [0x00000000d5580000,0x00000000d5580000,0x00000000d5a00000)
  from space 512K, 99% used [0x00000000d5c80000,0x00000000d5cff2e8,0x00000000d5d00000)
  to   space 3584K, 0% used [0x00000000d5d80000,0x00000000d5d80000,0x00000000d6100000)
 ParOldGen       total 897024K, used 897002K [0x0000000080000000, 0x00000000b6c00000, 0x00000000d5580000)
  object space 897024K, 99% used [0x0000000080000000,0x00000000b6bfa8a0,0x00000000b6c00000)
 Metaspace       used 79374K, committed 81024K, reserved 1179648K
  class space    used 8159K, committed 8896K, reserved 1048576K
}
Event: 558.959 GC heap before
{Heap before GC invocations=1930 (full 4):
 PSYoungGen      total 5120K, used 5116K [0x00000000d5580000, 0x00000000d6100000, 0x0000000100000000)
  eden space 4608K, 100% used [0x00000000d5580000,0x00000000d5a00000,0x00000000d5a00000)
  from space 512K, 99% used [0x00000000d5c80000,0x00000000d5cff2e8,0x00000000d5d00000)
  to   space 3584K, 0% used [0x00000000d5d80000,0x00000000d5d80000,0x00000000d6100000)
 ParOldGen       total 897024K, used 897002K [0x0000000080000000, 0x00000000b6c00000, 0x00000000d5580000)
  object space 897024K, 99% used [0x0000000080000000,0x00000000b6bfa8a0,0x00000000b6c00000)
 Metaspace       used 79386K, committed 81088K, reserved 1179648K
  class space    used 8160K, committed 8896K, reserved 1048576K
}
Event: 558.972 GC heap after
{Heap after GC invocations=1930 (full 4):
 PSYoungGen      total 8192K, used 3066K [0x00000000d5580000, 0x00000000d6100000, 0x0000000100000000)
  eden space 4608K, 0% used [0x00000000d5580000,0x00000000d5580000,0x00000000d5a00000)
  from space 3584K, 85% used [0x00000000d5d80000,0x00000000d607e800,0x00000000d6100000)
  to   space 3584K, 0% used [0x00000000d5a00000,0x00000000d5a00000,0x00000000d5d80000)
 ParOldGen       total 897536K, used 897505K [0x0000000080000000, 0x00000000b6c80000, 0x00000000d5580000)
  object space 897536K, 99% used [0x0000000080000000,0x00000000b6c78598,0x00000000b6c80000)
 Metaspace       used 79386K, committed 81088K, reserved 1179648K
  class space    used 8160K, committed 8896K, reserved 1048576K
}
Event: 559.147 GC heap before
{Heap before GC invocations=1931 (full 4):
 PSYoungGen      total 8192K, used 7674K [0x00000000d5580000, 0x00000000d6100000, 0x0000000100000000)
  eden space 4608K, 100% used [0x00000000d5580000,0x00000000d5a00000,0x00000000d5a00000)
  from space 3584K, 85% used [0x00000000d5d80000,0x00000000d607e800,0x00000000d6100000)
  to   space 3584K, 0% used [0x00000000d5a00000,0x00000000d5a00000,0x00000000d5d80000)
 ParOldGen       total 897536K, used 897505K [0x0000000080000000, 0x00000000b6c80000, 0x00000000d5580000)
  object space 897536K, 99% used [0x0000000080000000,0x00000000b6c78598,0x00000000b6c80000)
 Metaspace       used 79461K, committed 81152K, reserved 1179648K
  class space    used 8173K, committed 8896K, reserved 1048576K
}
Event: 559.156 GC heap after
{Heap after GC invocations=1931 (full 4):
 PSYoungGen      total 6656K, used 1982K [0x00000000d5580000, 0x00000000d5f00000, 0x0000000100000000)
  eden space 4608K, 0% used [0x00000000d5580000,0x00000000d5580000,0x00000000d5a00000)
  from space 2048K, 96% used [0x00000000d5a00000,0x00000000d5bef9d0,0x00000000d5c00000)
  to   space 2560K, 0% used [0x00000000d5c80000,0x00000000d5c80000,0x00000000d5f00000)
 ParOldGen       total 900608K, used 900441K [0x0000000080000000, 0x00000000b6f80000, 0x00000000d5580000)
  object space 900608K, 99% used [0x0000000080000000,0x00000000b6f565d8,0x00000000b6f80000)
 Metaspace       used 79461K, committed 81152K, reserved 1179648K
  class space    used 8173K, committed 8896K, reserved 1048576K
}
Event: 559.445 GC heap before
{Heap before GC invocations=1932 (full 4):
 PSYoungGen      total 6656K, used 6590K [0x00000000d5580000, 0x00000000d5f00000, 0x0000000100000000)
  eden space 4608K, 99% used [0x00000000d5580000,0x00000000d59fffa0,0x00000000d5a00000)
  from space 2048K, 96% used [0x00000000d5a00000,0x00000000d5bef9d0,0x00000000d5c00000)
  to   space 2560K, 0% used [0x00000000d5c80000,0x00000000d5c80000,0x00000000d5f00000)
 ParOldGen       total 900608K, used 900441K [0x0000000080000000, 0x00000000b6f80000, 0x00000000d5580000)
  object space 900608K, 99% used [0x0000000080000000,0x00000000b6f565d8,0x00000000b6f80000)
 Metaspace       used 79512K, committed 81280K, reserved 1179648K
  class space    used 8190K, committed 8960K, reserved 1048576K
}
Event: 559.454 GC heap after
{Heap after GC invocations=1932 (full 4):
 PSYoungGen      total 6144K, used 1152K [0x00000000d5580000, 0x00000000d5e00000, 0x0000000100000000)
  eden space 4608K, 0% used [0x00000000d5580000,0x00000000d5580000,0x00000000d5a00000)
  from space 1536K, 75% used [0x00000000d5c80000,0x00000000d5da0080,0x00000000d5e00000)
  to   space 1536K, 0% used [0x00000000d5b00000,0x00000000d5b00000,0x00000000d5c80000)
 ParOldGen       total 901120K, used 900769K [0x0000000080000000, 0x00000000b7000000, 0x00000000d5580000)
  object space 901120K, 99% used [0x0000000080000000,0x00000000b6fa85f8,0x00000000b7000000)
 Metaspace       used 79512K, committed 81280K, reserved 1179648K
  class space    used 8190K, committed 8960K, reserved 1048576K
}
Event: 559.617 GC heap before
{Heap before GC invocations=1933 (full 4):
 PSYoungGen      total 6144K, used 5657K [0x00000000d5580000, 0x00000000d5e00000, 0x0000000100000000)
  eden space 4608K, 97% used [0x00000000d5580000,0x00000000d59e64d0,0x00000000d5a00000)
  from space 1536K, 75% used [0x00000000d5c80000,0x00000000d5da0080,0x00000000d5e00000)
  to   space 1536K, 0% used [0x00000000d5b00000,0x00000000d5b00000,0x00000000d5c80000)
 ParOldGen       total 901120K, used 900769K [0x0000000080000000, 0x00000000b7000000, 0x00000000d5580000)
  object space 901120K, 99% used [0x0000000080000000,0x00000000b6fa85f8,0x00000000b7000000)
 Metaspace       used 79512K, committed 81280K, reserved 1179648K
  class space    used 8190K, committed 8960K, reserved 1048576K
}
Event: 559.627 GC heap after
{Heap after GC invocations=1933 (full 4):
 PSYoungGen      total 6144K, used 5657K [0x00000000d5580000, 0x00000000d5e00000, 0x0000000100000000)
  eden space 4608K, 97% used [0x00000000d5580000,0x00000000d59e64d0,0x00000000d5a00000)
  from space 1536K, 75% used [0x00000000d5c80000,0x00000000d5da0080,0x00000000d5e00000)
  to   space 1536K, 99% used [0x00000000d5b00000,0x00000000d5c7cd68,0x00000000d5c80000)
 ParOldGen       total 903680K, used 903610K [0x0000000080000000, 0x00000000b7280000, 0x00000000d5580000)
  object space 903680K, 99% used [0x0000000080000000,0x00000000b726eae8,0x00000000b7280000)
 Metaspace       used 79512K, committed 81280K, reserved 1179648K
  class space    used 8190K, committed 8960K, reserved 1048576K
}
Event: 559.627 GC heap before
{Heap before GC invocations=1934 (full 5):
 PSYoungGen      total 6144K, used 5657K [0x00000000d5580000, 0x00000000d5e00000, 0x0000000100000000)
  eden space 4608K, 97% used [0x00000000d5580000,0x00000000d59e64d0,0x00000000d5a00000)
  from space 1536K, 75% used [0x00000000d5c80000,0x00000000d5da0080,0x00000000d5e00000)
  to   space 1536K, 99% used [0x00000000d5b00000,0x00000000d5c7cd68,0x00000000d5c80000)
 ParOldGen       total 903680K, used 903610K [0x0000000080000000, 0x00000000b7280000, 0x00000000d5580000)
  object space 903680K, 99% used [0x0000000080000000,0x00000000b726eae8,0x00000000b7280000)
 Metaspace       used 79512K, committed 81280K, reserved 1179648K
  class space    used 8190K, committed 8960K, reserved 1048576K
}

